<?xml version="1.0" encoding="UTF-8" ?>
<testsuite tests="21" failures="0" name="WorldTour.Selenium.CucumberSample.RunCukesTest" time="6.022" errors="0" skipped="3">
  <properties>
[...]
</properties>
  <testcase classname="When navigate to Touring main page by URL &quot;http://newtours.demoaut.com/&quot; and &quot;/specialDeals/&quot;   " name="When navigate to Touring main page by URL &quot;http://newtours.demoaut.com/&quot; and &quot;/specialDeals/&quot;   " time="0.004"/>
  <testcase classname="Then page tile &quot;Welcome: Mercury Tours&quot; shows    " name="Then page tile &quot;Welcome: Mercury Tours&quot; shows    " time="0"/>
  <testcase classname="Scenario: 1 - access Touring main page by URL  " name="Scenario: 1 - access Touring main page by URL  " time="1.2"/>
  <testcase classname="Given in Browser page &quot;http://newtours.demoaut.com/&quot;      " name="Given in Browser page &quot;http://newtours.demoaut.com/&quot;      " time="0"/>
  <testcase classname="When I login with user ID &quot;Mercury&quot;, and password &quot;mercury&quot;       " name="When I login with user ID &quot;Mercury&quot;, and password &quot;mercury&quot;       " time="0"/>
  <testcase classname="Then I will access to successful login page with title &quot;Find a Flight: Mercury Tours:&quot;        " name="Then I will access to successful login page with title &quot;Find a Flight: Mercury Tours:&quot;        " time="0"/>
  <testcase classname="Scenario: 2 - login     " name="Scenario: 2 - login     " time="1.195"/>
  <testcase classname="Given From MainPage &quot;http://newtours.demoaut.com/&quot; going to Register page            " name="Given From MainPage &quot;http://newtours.demoaut.com/&quot; going to Register page            " time="0"/>
  <testcase classname="When Register with &quot;KK&quot; &quot;Wick&quot; &quot;11 empire&quot; &quot;Canada&quot; &quot;KWICK&quot; &quot;123456&quot; information             " name="When Register with &quot;KK&quot; &quot;Wick&quot; &quot;11 empire&quot; &quot;Canada&quot; &quot;KWICK&quot; &quot;123456&quot; information             " time="0"/>
  <testcase classname="Then Registeration successed with title of &quot;Register: Mercury Tours&quot;              " name="Then Registeration successed with title of &quot;Register: Mercury Tours&quot;              " time="0"/>
  <testcase classname="| KK | Wick | 11 empire | Canada | KWICK | 123456 |           " name="| KK | Wick | 11 empire | Canada | KWICK | 123456 |           " time="1.196"/>
  <testcase classname="Given From MainPage &quot;http://newtours.demoaut.com/&quot; going to Register page                " name="Given From MainPage &quot;http://newtours.demoaut.com/&quot; going to Register page                " time="0"/>
  <testcase classname="When Register with &quot;HH&quot; &quot;Wrok&quot; &quot;12 queens&quot; &quot;UNITED STATES&quot; &quot;HWROK&quot; &quot;23467&quot; information                 " name="When Register with &quot;HH&quot; &quot;Wrok&quot; &quot;12 queens&quot; &quot;UNITED STATES&quot; &quot;HWROK&quot; &quot;23467&quot; information                 " time="0.001"/>
  <testcase classname="Then Registeration successed with title of &quot;Register: Mercury Tours&quot;                  " name="Then Registeration successed with title of &quot;Register: Mercury Tours&quot;                  " time="0"/>
  <testcase classname="| HH | Wrok | 12 queens | UNITED STATES | HWROK | 23467 |               " name="| HH | Wrok | 12 queens | UNITED STATES | HWROK | 23467 |               " time="1.198"/>
  <testcase classname="Given in Browser page &quot;http://newtours.demoaut.com/&quot;                    " name="Given in Browser page &quot;http://newtours.demoaut.com/&quot;                    " time="0"/>
  <testcase classname="And go to SupportPage with title &quot;Under Construction: Mercury Tours&quot;                     " name="And go to SupportPage with title &quot;Under Construction: Mercury Tours&quot;                     " time="0"/>
  <testcase classname="When click on &quot;BACK TO HOME&quot; button                      " name="When click on &quot;BACK TO HOME&quot; button                      " time="0"/>
  <testcase classname="Then will return to main page title &quot;Welcome: Mercury Tours&quot;                       " name="Then will return to main page title &quot;Welcome: Mercury Tours&quot;                       " time="0.01">
    <skipped/>
    <system-out>&amp;#27;[1A    &amp;#27;[32mWhen &amp;#27;[0m&amp;#27;[32mclick on &quot;&amp;#27;[0m&amp;#27;[32m&amp;#27;[1mBACK TO HOME&amp;#27;[0m&amp;#27;[32m&quot; button&amp;#27;[0m                                  &amp;#27;[90m# WorldTourMainPageSteps.clickOnButton(String)&amp;#27;[0m
    &amp;#27;[90mThen &amp;#27;[0m&amp;#27;[90mwill return to main page title &quot;&amp;#27;[0m&amp;#27;[90m&amp;#27;[1mWelcome: Mercury Tours&amp;#27;[0m&amp;#27;[90m&quot;&amp;#27;[0m         &amp;#27;[90m# WorldTourMainPageSteps.willReturnToMainPageTitle(String)&amp;#27;[0m
</system-out>
  </testcase>
  <testcase classname="But shouldn&apos;t see &quot;Google.ca&quot; button                        " name="But shouldn&apos;t see &quot;Google.ca&quot; button                        " time="0.018">
    <skipped/>
    <system-out>&amp;#27;[1A    &amp;#27;[33mThen &amp;#27;[0m&amp;#27;[33mwill return to main page title &quot;&amp;#27;[0m&amp;#27;[33m&amp;#27;[1mWelcome: Mercury Tours&amp;#27;[0m&amp;#27;[33m&quot;&amp;#27;[0m         &amp;#27;[90m# WorldTourMainPageSteps.willReturnToMainPageTitle(String)&amp;#27;[0m
      &amp;#27;[31mcucumber.runtime.PendingException: TODO: implement me
      	at WorldTour.Selenium.CucumberSample.steps.WorldTourMainPageSteps.willReturnToMainPageTitle(WorldTourMainPageSteps.java:94)
      	at ?.Then will return to main page title &quot;Welcome: Mercury Tours&quot;(WorldTour.Selenium.CucumberSample\TouringHome.feature:27)
      &amp;#27;[0m
    &amp;#27;[90mBut &amp;#27;[0m&amp;#27;[90mshouldn&apos;t see &quot;&amp;#27;[0m&amp;#27;[90m&amp;#27;[1mGoogle.ca&amp;#27;[0m&amp;#27;[90m&quot; button&amp;#27;[0m                                 &amp;#27;[90m# WorldTourMainPageSteps.shouldnTSeeButton(String)&amp;#27;[0m
</system-out>
  </testcase>
  <testcase classname="Scenario: 4 - Multi Conditions                   " name="Scenario: 4 - Multi Conditions                   " time="1.2">
    <skipped/>
    <system-out>&amp;#27;[1A    &amp;#27;[36mBut &amp;#27;[0m&amp;#27;[36mshouldn&apos;t see &quot;&amp;#27;[0m&amp;#27;[36m&amp;#27;[1mGoogle.ca&amp;#27;[0m&amp;#27;[36m&quot; button&amp;#27;[0m                                 &amp;#27;[90m# WorldTourMainPageSteps.shouldnTSeeButton(String)&amp;#27;[0m
</system-out>
  </testcase>
</testsuite>